2025-03-10 22:41:37.476  o.s.b.d.a.LocalDevToolsAutoConfiguration$RestartingClassPathChangeChangedEventListener - Restarting due to 1 class path change (0 additions, 0 deletions, 1 modification) 
2025-03-10 22:41:37.480  o.s.b.w.e.t.GracefulShutdown - Commencing graceful shutdown. Waiting for active requests to complete 
2025-03-10 22:41:37.480  o.a.c.h.Http11NioProtocol - Pausing ProtocolHandler ["http-nio-8050"] 
2025-03-10 22:41:37.482  o.s.b.w.e.t.GracefulShutdown - Graceful shutdown complete 
2025-03-10 22:41:37.482  o.a.c.h.Http11NioProtocol - Stopping ProtocolHandler ["http-nio-8050"] 
2025-03-10 22:41:37.485  o.s.o.j.LocalContainerEntityManagerFactoryBean - Closing JPA EntityManagerFactory for persistence unit 'default' 
2025-03-10 22:41:37.487  c.z.h.HikariDataSource - HikariPool-1 - Shutdown initiated... 
2025-03-10 22:41:37.495  c.z.h.HikariDataSource - HikariPool-1 - Shutdown completed. 
2025-03-10 22:41:37.559  c.z.f.FlixAuthApplication - Starting FlixAuthApplication using Java 21.0.6 with PID 20848 (C:\workspace\flix\flix-auth\target\classes started by qlqla in C:\workspace\flix\flix-auth) 
2025-03-10 22:41:37.560  c.z.f.FlixAuthApplication - No active profile set, falling back to 1 default profile: "default" 
2025-03-10 22:41:37.706  o.s.d.r.c.RepositoryConfigurationDelegate - Bootstrapping Spring Data JPA repositories in DEFAULT mode. 
2025-03-10 22:41:37.713  o.s.d.r.c.RepositoryConfigurationDelegate - Finished Spring Data repository scanning in 6 ms. Found 2 JPA repository interfaces. 
2025-03-10 22:41:37.792  o.s.b.w.e.t.TomcatWebServer - Tomcat initialized with port 8050 (http) 
2025-03-10 22:41:37.792  o.a.c.h.Http11NioProtocol - Initializing ProtocolHandler ["http-nio-8050"] 
2025-03-10 22:41:37.793  o.a.c.c.StandardService - Starting service [Tomcat] 
2025-03-10 22:41:37.793  o.a.c.c.StandardEngine - Starting Servlet engine: [Apache Tomcat/10.1.36] 
2025-03-10 22:41:37.801  o.a.c.c.C.[.[.[/] - Initializing Spring embedded WebApplicationContext 
2025-03-10 22:41:37.801  o.s.b.w.s.c.ServletWebServerApplicationContext - Root WebApplicationContext: initialization completed in 240 ms 
2025-03-10 22:41:37.854  c.z.h.HikariDataSource - HikariPool-2 - Starting... 
2025-03-10 22:41:37.870  c.z.h.p.HikariPool - HikariPool-2 - Added connection org.postgresql.jdbc.PgConnection@5682adff 
2025-03-10 22:41:37.870  c.z.h.HikariDataSource - HikariPool-2 - Start completed. 
2025-03-10 22:41:37.883  o.h.j.i.u.LogHelper - HHH000204: Processing PersistenceUnitInfo [name: default] 
2025-03-10 22:41:37.884  o.h.c.i.RegionFactoryInitiator - HHH000026: Second-level cache disabled 
2025-03-10 22:41:37.889  o.s.o.j.p.SpringPersistenceUnitInfo - No LoadTimeWeaver setup: ignoring JPA class transformer 
2025-03-10 22:41:37.892  o.h.o.deprecation - HHH90000025: PostgreSQLDialect does not need to be specified explicitly using 'hibernate.dialect' (remove the property setting and it will be selected by default) 
2025-03-10 22:41:37.894  o.h.o.c.pooling - HHH10001005: Database info:
	Database JDBC URL [Connecting through datasource 'HikariDataSource (HikariPool-2)']
	Database driver: undefined/unknown
	Database version: 17.4
	Autocommit mode: undefined/unknown
	Isolation level: undefined/unknown
	Minimum pool size: undefined/unknown
	Maximum pool size: undefined/unknown 
2025-03-10 22:41:37.939  o.h.e.t.j.p.i.JtaPlatformInitiator - HHH000489: No JTA platform available (set 'hibernate.transaction.jta.platform' to enable JTA platform integration) 
2025-03-10 22:41:38.041  o.s.o.j.LocalContainerEntityManagerFactoryBean - Initialized JPA EntityManagerFactory for persistence unit 'default' 
2025-03-10 22:41:38.112  o.s.b.a.o.j.JpaBaseConfiguration$JpaWebConfiguration - spring.jpa.open-in-view is enabled by default. Therefore, database queries may be performed during view rendering. Explicitly configure spring.jpa.open-in-view to disable this warning 
2025-03-10 22:41:38.127  o.s.b.a.s.s.UserDetailsServiceAutoConfiguration - 

Using generated security password: dd9ddaa8-33b1-443f-bb55-89271a15a1b3

This generated password is for development use only. Your security configuration must be updated before running your application in production.
 
2025-03-10 22:41:38.129  o.s.s.c.a.a.c.InitializeUserDetailsBeanManagerConfigurer$InitializeUserDetailsManagerConfigurer - Global AuthenticationManager configured with UserDetailsService bean with name inMemoryUserDetailsManager 
2025-03-10 22:41:38.211  o.s.b.a.e.w.EndpointLinksResolver - Exposing 1 endpoint beneath base path '/actuator' 
2025-03-10 22:41:38.318  o.s.b.d.a.OptionalLiveReloadServer - LiveReload server is running on port 35729 
2025-03-10 22:41:38.328  o.a.c.h.Http11NioProtocol - Starting ProtocolHandler ["http-nio-8050"] 
2025-03-10 22:41:38.329  o.s.b.w.e.t.TomcatWebServer - Tomcat started on port 8050 (http) with context path '/' 
2025-03-10 22:41:38.333  c.z.f.FlixAuthApplication - Started FlixAuthApplication in 0.799 seconds (process running for 1029.977) 
2025-03-10 22:41:38.335  o.s.b.d.a.ConditionEvaluationDeltaLoggingListener - Condition evaluation unchanged 
